<?xml version="1.0" encoding="UTF-8"?>
<!-- Generated by org.testng.reporters.JUnitXMLReporter -->
<testsuite ignored="0" hostname="kmewade-z01" failures="0" tests="3" name="Amazon Test" time="17.224" errors="0" timestamp="13 Sep 2022 06:16:09 GMT">
  <testcase classname="testngsessions.AmazonTest" name="amazonPageTitleTest" time="0.812"/>
  <testcase classname="testngsessions.AmazonTest" name="searchBarExistTest" time="2.317"/>
  <testcase classname="testngsessions.AmazonTest" name="amazonLogoTest" time="0.356"/>
</testsuite> <!-- Amazon Test -->
