<?xml version="1.0" encoding="UTF-8"?>
<!-- Generated by org.testng.reporters.JUnitXMLReporter -->
<testsuite ignored="0" hostname="kmewade-z01" failures="0" tests="3" name="OpenCart Test - firefox" time="34.735" errors="0" timestamp="13 Sep 2022 06:16:12 GMT">
  <testcase classname="MyTests.BaseTest" name="testing" time="0.002"/>
  <testcase classname="MyTests.DemoCartTest" name="demoCartTitleTest" time="3.744"/>
  <testcase classname="MyTests.DemoCartTest" name="demoCartUrlTest" time="0.012"/>
</testsuite> <!-- OpenCart Test - firefox -->
