<?xml version="1.0" encoding="UTF-8"?>
<!-- Generated by org.testng.reporters.JUnitXMLReporter -->
<testsuite ignored="0" hostname="kmewade-z01" failures="0" tests="3" name="OpenCart Test - chrome" time="15.763" errors="0" timestamp="13 Sep 2022 06:15:37 GMT">
  <testcase classname="MyTests.BaseTest" name="testing" time="0.001"/>
  <testcase classname="MyTests.DemoCartTest" name="demoCartTitleTest" time="2.985"/>
  <testcase classname="MyTests.DemoCartTest" name="demoCartUrlTest" time="0.054"/>
</testsuite> <!-- OpenCart Test - chrome -->
