<?xml version="1.0" encoding="UTF-8"?>
<!-- Generated by org.testng.reporters.JUnitXMLReporter -->
<testsuite ignored="0" hostname="kmewade-z01" failures="0" tests="3" name="Default test" time="13.593" errors="0" timestamp="06 Apr 2021 17:51:08 GMT">
  <testcase classname="testngsessions.AmazonTest" name="amazonPageTitleTest" time="0.242"/>
  <testcase classname="testngsessions.AmazonTest" name="searchBarExistTest" time="0.803"/>
  <testcase classname="testngsessions.AmazonTest" name="amazonLogoTest" time="0.184"/>
</testsuite> <!-- Default test -->
