<?xml version="1.0" encoding="UTF-8"?>
<testng-results ignored="0" total="3" passed="3" failed="0" skipped="0">
  <reporter-output>
  </reporter-output>
  <suite started-at="2021-04-06T17:50:54Z" name="Default suite" finished-at="2021-04-06T17:51:08Z" duration-ms="13593">
    <groups>
    </groups>
    <test started-at="2021-04-06T17:50:54Z" name="Default test" finished-at="2021-04-06T17:51:08Z" duration-ms="13593">
      <class name="testngsessions.AmazonTest">
        <test-method is-config="true" signature="setup()[pri:0, instance:testngsessions.AmazonTest@6bf08014]" started-at="2021-04-06T17:50:54Z" name="setup" finished-at="2021-04-06T17:51:06Z" duration-ms="11257" status="PASS">
          <reporter-output>
          </reporter-output>
        </test-method> <!-- setup -->
        <test-method signature="amazonPageTitleTest()[pri:1, instance:testngsessions.AmazonTest@6bf08014]" started-at="2021-04-06T17:51:06Z" name="amazonPageTitleTest" finished-at="2021-04-06T17:51:06Z" duration-ms="242" status="PASS">
          <reporter-output>
          </reporter-output>
        </test-method> <!-- amazonPageTitleTest -->
        <test-method signature="searchBarExistTest()[pri:2, instance:testngsessions.AmazonTest@6bf08014]" started-at="2021-04-06T17:51:06Z" name="searchBarExistTest" finished-at="2021-04-06T17:51:07Z" duration-ms="803" status="PASS">
          <reporter-output>
          </reporter-output>
        </test-method> <!-- searchBarExistTest -->
        <test-method signature="amazonLogoTest()[pri:3, instance:testngsessions.AmazonTest@6bf08014]" started-at="2021-04-06T17:51:07Z" name="amazonLogoTest" finished-at="2021-04-06T17:51:07Z" duration-ms="184" status="PASS">
          <reporter-output>
          </reporter-output>
        </test-method> <!-- amazonLogoTest -->
        <test-method is-config="true" signature="tearDown()[pri:0, instance:testngsessions.AmazonTest@6bf08014]" started-at="2021-04-06T17:51:07Z" name="tearDown" finished-at="2021-04-06T17:51:08Z" duration-ms="1032" status="PASS">
          <reporter-output>
          </reporter-output>
        </test-method> <!-- tearDown -->
      </class> <!-- testngsessions.AmazonTest -->
    </test> <!-- Default test -->
  </suite> <!-- Default suite -->
</testng-results>
